# JRE version: Java(TM) SE Runtime Environment (8.0_144-b01) (build 1.8.0_144-b01)
# Java VM: Java HotSpot(TM) 64-Bit Server VM (25.144-b01 mixed mode windows-amd64 compressed oops)
Heap:
 PSYoungGen      total 70144K, used 15869K [0x00000000e0000000, 0x00000000e6380000, 0x0000000100000000)
  eden space 54272K, 0% used [0x00000000e0000000,0x00000000e0000000,0x00000000e3500000)
  from space 15872K, 99% used [0x00000000e3500000,0x00000000e447f548,0x00000000e4480000)
  to   space 20480K, 0% used [0x00000000e4f80000,0x00000000e4f80000,0x00000000e6380000)
 ParOldGen       total 76288K, used 68922K [0x00000000a0000000, 0x00000000a4a80000, 0x00000000e0000000)
  object space 76288K, 90% used [0x00000000a0000000,0x00000000a434ea20,0x00000000a4a80000)
 Metaspace       used 76574K, capacity 79326K, committed 79488K, reserved 1118208K
  class space    used 10208K, capacity 10774K, committed 10880K, reserved 1048576K
GC Heap History (10 events):
Event: 254.238 GC heap after
Heap after GC invocations=42 (full 3):
 PSYoungGen      total 59392K, used 9784K [0x00000000e0000000, 0x00000000e4d00000, 0x0000000100000000)
  eden space 47616K, 0% used [0x00000000e0000000,0x00000000e0000000,0x00000000e2e80000)
  from space 11776K, 83% used [0x00000000e2e80000,0x00000000e380e1d0,0x00000000e3a00000)
  to   space 12800K, 0% used [0x00000000e4080000,0x00000000e4080000,0x00000000e4d00000)
 ParOldGen       total 76288K, used 49390K [0x00000000a0000000, 0x00000000a4a80000, 0x00000000e0000000)
  object space 76288K, 64% used [0x00000000a0000000,0x00000000a303b8e8,0x00000000a4a80000)
 Metaspace       used 66550K, capacity 68294K, committed 68608K, reserved 1107968K
  class space    used 8925K, capacity 9374K, committed 9472K, reserved 1048576K
}
Event: 279.785 GC heap before
{Heap before GC invocations=43 (full 3):
 PSYoungGen      total 59392K, used 57400K [0x00000000e0000000, 0x00000000e4d00000, 0x0000000100000000)
  eden space 47616K, 100% used [0x00000000e0000000,0x00000000e2e80000,0x00000000e2e80000)
  from space 11776K, 83% used [0x00000000e2e80000,0x00000000e380e1d0,0x00000000e3a00000)
  to   space 12800K, 0% used [0x00000000e4080000,0x00000000e4080000,0x00000000e4d00000)
 ParOldGen       total 76288K, used 49390K [0x00000000a0000000, 0x00000000a4a80000, 0x00000000e0000000)
  object space 76288K, 64% used [0x00000000a0000000,0x00000000a303b8e8,0x00000000a4a80000)
 Metaspace       used 70590K, capacity 72652K, committed 72960K, reserved 1112064K
  class space    used 9429K, capacity 9925K, committed 9984K, reserved 1048576K
Event: 279.833 GC heap after
Heap after GC invocations=43 (full 3):
 PSYoungGen      total 61952K, used 12781K [0x00000000e0000000, 0x00000000e5480000, 0x0000000100000000)
  eden space 49152K, 0% used [0x00000000e0000000,0x00000000e0000000,0x00000000e3000000)
  from space 12800K, 99% used [0x00000000e4080000,0x00000000e4cfb448,0x00000000e4d00000)
  to   space 16896K, 0% used [0x00000000e3000000,0x00000000e3000000,0x00000000e4080000)
 ParOldGen       total 76288K, used 54081K [0x00000000a0000000, 0x00000000a4a80000, 0x00000000e0000000)
  object space 76288K, 70% used [0x00000000a0000000,0x00000000a34d07c0,0x00000000a4a80000)
 Metaspace       used 70590K, capacity 72652K, committed 72960K, reserved 1112064K
  class space    used 9429K, capacity 9925K, committed 9984K, reserved 1048576K
}
Event: 285.828 GC heap before
{Heap before GC invocations=44 (full 3):
 PSYoungGen      total 61952K, used 61933K [0x00000000e0000000, 0x00000000e5480000, 0x0000000100000000)
  eden space 49152K, 100% used [0x00000000e0000000,0x00000000e3000000,0x00000000e3000000)
  from space 12800K, 99% used [0x00000000e4080000,0x00000000e4cfb448,0x00000000e4d00000)
  to   space 16896K, 0% used [0x00000000e3000000,0x00000000e3000000,0x00000000e4080000)
 ParOldGen       total 76288K, used 54081K [0x00000000a0000000, 0x00000000a4a80000, 0x00000000e0000000)
  object space 76288K, 70% used [0x00000000a0000000,0x00000000a34d07c0,0x00000000a4a80000)
 Metaspace       used 75244K, capacity 77636K, committed 77952K, reserved 1116160K
  class space    used 10043K, capacity 10561K, committed 10624K, reserved 1048576K
Event: 285.870 GC heap after
Heap after GC invocations=44 (full 3):
 PSYoungGen      total 66048K, used 9386K [0x00000000e0000000, 0x00000000e5600000, 0x0000000100000000)
  eden space 49152K, 0% used [0x00000000e0000000,0x00000000e0000000,0x00000000e3000000)
  from space 16896K, 55% used [0x00000000e3000000,0x00000000e392ab58,0x00000000e4080000)
  to   space 16896K, 0% used [0x00000000e4580000,0x00000000e4580000,0x00000000e5600000)
 ParOldGen       total 76288K, used 62933K [0x00000000a0000000, 0x00000000a4a80000, 0x00000000e0000000)
  object space 76288K, 82% used [0x00000000a0000000,0x00000000a3d75638,0x00000000a4a80000)
 Metaspace       used 75244K, capacity 77636K, committed 77952K, reserved 1116160K
  class space    used 10043K, capacity 10561K, committed 10624K, reserved 1048576K
}
Event: 290.396 GC heap before
{Heap before GC invocations=45 (full 3):
 PSYoungGen      total 66048K, used 58481K [0x00000000e0000000, 0x00000000e5600000, 0x0000000100000000)
  eden space 49152K, 99% used [0x00000000e0000000,0x00000000e2ff18b0,0x00000000e3000000)
  from space 16896K, 55% used [0x00000000e3000000,0x00000000e392ab58,0x00000000e4080000)
  to   space 16896K, 0% used [0x00000000e4580000,0x00000000e4580000,0x00000000e5600000)
 ParOldGen       total 76288K, used 62933K [0x00000000a0000000, 0x00000000a4a80000, 0x00000000e0000000)
  object space 76288K, 82% used [0x00000000a0000000,0x00000000a3d75638,0x00000000a4a80000)
 Metaspace       used 75838K, capacity 78488K, committed 78592K, reserved 1118208K
  class space    used 10116K, capacity 10661K, committed 10752K, reserved 1048576K
Event: 290.415 GC heap after
Heap after GC invocations=45 (full 3):
 PSYoungGen      total 69120K, used 6994K [0x00000000e0000000, 0x00000000e5400000, 0x0000000100000000)
  eden space 54272K, 0% used [0x00000000e0000000,0x00000000e0000000,0x00000000e3500000)
  from space 14848K, 47% used [0x00000000e4580000,0x00000000e4c54940,0x00000000e5400000)
  to   space 15872K, 0% used [0x00000000e3500000,0x00000000e3500000,0x00000000e4480000)
 ParOldGen       total 76288K, used 62941K [0x00000000a0000000, 0x00000000a4a80000, 0x00000000e0000000)
  object space 76288K, 82% used [0x00000000a0000000,0x00000000a3d77638,0x00000000a4a80000)
 Metaspace       used 75838K, capacity 78488K, committed 78592K, reserved 1118208K
  class space    used 10116K, capacity 10661K, committed 10752K, reserved 1048576K
}
Event: 293.942 GC heap before
{Heap before GC invocations=46 (full 3):
 PSYoungGen      total 69120K, used 61266K [0x00000000e0000000, 0x00000000e5400000, 0x0000000100000000)
  eden space 54272K, 100% used [0x00000000e0000000,0x00000000e3500000,0x00000000e3500000)
  from space 14848K, 47% used [0x00000000e4580000,0x00000000e4c54940,0x00000000e5400000)
  to   space 15872K, 0% used [0x00000000e3500000,0x00000000e3500000,0x00000000e4480000)
 ParOldGen       total 76288K, used 62941K [0x00000000a0000000, 0x00000000a4a80000, 0x00000000e0000000)
  object space 76288K, 82% used [0x00000000a0000000,0x00000000a3d77638,0x00000000a4a80000)
 Metaspace       used 76574K, capacity 79326K, committed 79488K, reserved 1118208K
  class space    used 10208K, capacity 10774K, committed 10880K, reserved 1048576K
Event: 294.013 GC heap after
Heap after GC invocations=46 (full 3):
 PSYoungGen      total 70144K, used 15869K [0x00000000e0000000, 0x00000000e6380000, 0x0000000100000000)
  eden space 54272K, 0% used [0x00000000e0000000,0x00000000e0000000,0x00000000e3500000)
  from space 15872K, 99% used [0x00000000e3500000,0x00000000e447f548,0x00000000e4480000)
  to   space 20480K, 0% used [0x00000000e4f80000,0x00000000e4f80000,0x00000000e6380000)
 ParOldGen       total 76288K, used 68922K [0x00000000a0000000, 0x00000000a4a80000, 0x00000000e0000000)
  object space 76288K, 90% used [0x00000000a0000000,0x00000000a434ea20,0x00000000a4a80000)
 Metaspace       used 76574K, capacity 79326K, committed 79488K, reserved 1118208K
  class space    used 10208K, capacity 10774K, committed 10880K, reserved 1048576K
}
Event: 294.046 GC heap before
{Heap before GC invocations=47 (full 4):
 PSYoungGen      total 70144K, used 15869K [0x00000000e0000000, 0x00000000e6380000, 0x0000000100000000)
  eden space 54272K, 0% used [0x00000000e0000000,0x00000000e0000000,0x00000000e3500000)
  from space 15872K, 99% used [0x00000000e3500000,0x00000000e447f548,0x00000000e4480000)
  to   space 20480K, 0% used [0x00000000e4f80000,0x00000000e4f80000,0x00000000e6380000)
 ParOldGen       total 76288K, used 68922K [0x00000000a0000000, 0x00000000a4a80000, 0x00000000e0000000)
  object space 76288K, 90% used [0x00000000a0000000,0x00000000a434ea20,0x00000000a4a80000)
 Metaspace       used 76574K, capacity 79326K, committed 79488K, reserved 1118208K
  class space    used 10208K, capacity 10774K, committed 10880K, reserved 1048576K

